Arguments: 
  /usr/bin/node /usr/bin/yarn init

PATH: 
  /home/jan-pieter/.gem/ruby/2.6.0/bin:/home/jan-pieter/.local/bin:/home/jan-pieter/.cargo/bin:/home/jan-pieter/jetbrains-scripts:/home/jan-pieter/.gem/ruby/2.6.0/bin:/home/jan-pieter/.local/bin:/home/jan-pieter/.cargo/bin:/home/jan-pieter/jetbrains-scripts:/usr/local/sbin:/usr/local/bin:/usr/bin:/usr/local/etc:/fast_files/git_repos/custum_scripts:/opt/cuda/bin:/opt/cuda/nsight_compute:/opt/cuda/nsight_systems/bin:/home/jan-pieter/.dotnet/tools:/usr/lib/jvm/default/bin:/home/jan-pieter/.dotnet/tools:/home/jan-pieter/.pyenv/shims:/home/jan-pieter/.npm/bin:/home/jan-pieter/.local/share/gem/ruby/3.0.0/bin:/home/jan-pieter/.dotnet/tools:/home/jan-pieter/.pyenv/shims:/home/jan-pieter/.npm/bin:/home/jan-pieter/.local/share/gem/ruby/3.0.0/bin

Yarn version: 
  1.22.17

Node version: 
  16.11.1

Platform: 
  linux x64

Trace: 
  Error: canceled
      at Interface.<anonymous> (/usr/lib/node_modules/yarn/lib/cli.js:137143:13)
      at Interface.emit (node:events:390:28)
      at Interface._ttyWrite (node:readline:1081:16)
      at ReadStream.onkeypress (node:readline:288:10)
      at ReadStream.emit (node:events:390:28)
      at emitKeys (node:internal/readline/utils:358:14)
      at emitKeys.next (<anonymous>)
      at ReadStream.onData (node:internal/readline/emitKeypressEvents:61:36)
      at ReadStream.emit (node:events:390:28)
      at addChunk (node:internal/streams/readable:315:12)

npm manifest: 
  No manifest

yarn manifest: 
  No manifest

Lockfile: 
  No lockfile
